Build started 12/9/2012 2:25:49 PM.
     1>Project "C:\College\Year 3\Term 1\2D Graphics Programming\Adcock_FinalProject_Secondary\Adcock_FinalProject\Adcock_FinalProject.vcxproj" on node 2 (build target(s)).
     1>InitializeBuildStatus:
         Creating "Debug\Adcock_FinalProject.unsuccessfulbuild" because "AlwaysCreate" was specified.
       ClCompile:
         C:\Program Files\Microsoft Visual Studio 10.0\VC\bin\CL.exe /c /ZI /nologo /W3 /WX- /Od /Oy- /D WIN32 /D _DEBUG /D _WINDOWS /D _MBCS /Gm /EHsc /RTC1 /MDd /GS /fp:precise /Zc:wchar_t /Zc:forScope /Fo"Debug\\" /Fd"Debug\vc100.pdb" /Gd /TP /analyze- /errorReport:prompt DemonsLight.cpp
         DemonsLight.cpp
     1>c:\college\year 3\term 1\2d graphics programming\adcock_finalproject_secondary\adcock_finalproject\mydirectx.h(22): warning C4067: unexpected tokens following preprocessor directive - expected a newline
     1>c:\college\year 3\term 1\2d graphics programming\adcock_finalproject_secondary\adcock_finalproject\demonslight.cpp(143): warning C4244: 'initializing' : conversion from 'double' to 'LONG', possible loss of data
     1>c:\college\year 3\term 1\2d graphics programming\adcock_finalproject_secondary\adcock_finalproject\demonslight.cpp(143): warning C4244: 'initializing' : conversion from 'double' to 'LONG', possible loss of data
     1>c:\college\year 3\term 1\2d graphics programming\adcock_finalproject_secondary\adcock_finalproject\demonslight.cpp(143): warning C4244: 'initializing' : conversion from 'double' to 'LONG', possible loss of data
     1>c:\college\year 3\term 1\2d graphics programming\adcock_finalproject_secondary\adcock_finalproject\demonslight.cpp(143): warning C4244: 'initializing' : conversion from 'double' to 'LONG', possible loss of data
     1>c:\college\year 3\term 1\2d graphics programming\adcock_finalproject_secondary\adcock_finalproject\demonslight.cpp(163): warning C4244: 'argument' : conversion from 'float' to 'int', possible loss of data
     1>c:\college\year 3\term 1\2d graphics programming\adcock_finalproject_secondary\adcock_finalproject\demonslight.cpp(163): warning C4244: 'argument' : conversion from 'float' to 'int', possible loss of data
     1>c:\college\year 3\term 1\2d graphics programming\adcock_finalproject_secondary\adcock_finalproject\demonslight.cpp(164): warning C4244: 'argument' : conversion from 'float' to 'int', possible loss of data
     1>c:\college\year 3\term 1\2d graphics programming\adcock_finalproject_secondary\adcock_finalproject\demonslight.cpp(164): warning C4244: 'argument' : conversion from 'float' to 'int', possible loss of data
     1>c:\college\year 3\term 1\2d graphics programming\adcock_finalproject_secondary\adcock_finalproject\demonslight.cpp(192): warning C4244: '+=' : conversion from 'float' to 'int', possible loss of data
     1>c:\college\year 3\term 1\2d graphics programming\adcock_finalproject_secondary\adcock_finalproject\demonslight.cpp(193): warning C4244: '-=' : conversion from 'float' to 'int', possible loss of data
     1>c:\college\year 3\term 1\2d graphics programming\adcock_finalproject_secondary\adcock_finalproject\demonslight.cpp(194): warning C4244: '-=' : conversion from 'float' to 'int', possible loss of data
     1>c:\college\year 3\term 1\2d graphics programming\adcock_finalproject_secondary\adcock_finalproject\demonslight.cpp(195): warning C4244: '+=' : conversion from 'float' to 'int', possible loss of data
       ManifestResourceCompile:
         All outputs are up-to-date.
       Link:
         C:\Program Files\Microsoft Visual Studio 10.0\VC\bin\link.exe /ERRORREPORT:PROMPT /OUT:"C:\College\Year 3\Term 1\2D Graphics Programming\Adcock_FinalProject_Secondary\Debug\Adcock_FinalProject.exe" /INCREMENTAL /NOLOGO kernel32.lib user32.lib gdi32.lib winspool.lib comdlg32.lib advapi32.lib shell32.lib ole32.lib oleaut32.lib uuid.lib odbc32.lib odbccp32.lib /MANIFEST /ManifestFile:"Debug\Adcock_FinalProject.exe.intermediate.manifest" /MANIFESTUAC:"level='asInvoker' uiAccess='false'" /DEBUG /PDB:"C:\College\Year 3\Term 1\2D Graphics Programming\Adcock_FinalProject_Secondary\Debug\Adcock_FinalProject.pdb" /SUBSYSTEM:WINDOWS /TLBID:1 /DYNAMICBASE /NXCOMPAT /IMPLIB:"C:\College\Year 3\Term 1\2D Graphics Programming\Adcock_FinalProject_Secondary\Debug\Adcock_FinalProject.lib" /MACHINE:X86 Debug\Adcock_FinalProject.exe.embed.manifest.res
         Debug\DemonsLight.obj
         Debug\DirectSound.obj
         Debug\MyDirectX.obj
         Debug\MyWindows.obj
       Manifest:
         C:\Program Files\Microsoft SDKs\Windows\v7.0A\bin\mt.exe /nologo /verbose /out:"Debug\Adcock_FinalProject.exe.embed.manifest" /manifest Debug\Adcock_FinalProject.exe.intermediate.manifest
         All outputs are up-to-date.
       LinkEmbedManifest:
         All outputs are up-to-date.
         Adcock_FinalProject.vcxproj -> C:\College\Year 3\Term 1\2D Graphics Programming\Adcock_FinalProject_Secondary\Debug\Adcock_FinalProject.exe
       FinalizeBuildStatus:
         Deleting file "Debug\Adcock_FinalProject.unsuccessfulbuild".
         Touching "Debug\Adcock_FinalProject.lastbuildstate".
     1>Done Building Project "C:\College\Year 3\Term 1\2D Graphics Programming\Adcock_FinalProject_Secondary\Adcock_FinalProject\Adcock_FinalProject.vcxproj" (build target(s)).

Build succeeded.

Time Elapsed 00:00:03.72
